﻿2017-11-08 12:55:34,280 [11] ERROR EPiServer.Framework.Localization.XmlResources.FileXmlLocalizationProvider: Unhandled exception while handling FileSystemWatcher event Changed on file C:\Users\training\AlloyTraining\AlloyTraining\AlloyTraining\Resources\LanguageFiles\DisplayOptions.xml.
System.Configuration.ConfigurationErrorsException: Root element is missing. (/Resources/LanguageFiles/DisplayOptions.xml) ---> System.Xml.XmlException: Root element is missing.
   at System.Xml.XmlTextReaderImpl.Throw(Exception e)
   at System.Xml.XmlTextReaderImpl.ParseDocumentContent()
   at System.Xml.XmlTextReaderImpl.Read()
   at System.Xml.XmlReader.MoveToContent()
   at EPiServer.Framework.Localization.XmlResources.Internal.LanguageDocument.Load(Stream stream)
   at EPiServer.Framework.Localization.XmlResources.FileXmlLocalizationProvider.InitalizeFromVirtualDirectory()
   --- End of inner exception stack trace ---
   at EPiServer.Framework.Localization.XmlResources.FileXmlLocalizationProvider.InitalizeFromVirtualDirectory()
   at EPiServer.Framework.Localization.XmlResources.FileXmlLocalizationProvider._fileSystemWatcher_EventHandler(Object sender, FileSystemEventArgs e)
System.Configuration.ConfigurationErrorsException: Root element is missing. (/Resources/LanguageFiles/DisplayOptions.xml) ---> System.Xml.XmlException: Root element is missing.
   at System.Xml.XmlTextReaderImpl.Throw(Exception e)
   at System.Xml.XmlTextReaderImpl.ParseDocumentContent()
   at System.Xml.XmlTextReaderImpl.Read()
   at System.Xml.XmlReader.MoveToContent()
   at EPiServer.Framework.Localization.XmlResources.Internal.LanguageDocument.Load(Stream stream)
   at EPiServer.Framework.Localization.XmlResources.FileXmlLocalizationProvider.InitalizeFromVirtualDirectory()
   --- End of inner exception stack trace ---
   at EPiServer.Framework.Localization.XmlResources.FileXmlLocalizationProvider.InitalizeFromVirtualDirectory()
   at EPiServer.Framework.Localization.XmlResources.FileXmlLocalizationProvider._fileSystemWatcher_EventHandler(Object sender, FileSystemEventArgs e)
2017-11-08 12:55:34,351 [42] ERROR EPiServer.Framework.Localization.XmlResources.FileXmlLocalizationProvider: Unhandled exception while handling FileSystemWatcher event Changed on file C:\Users\training\AlloyTraining\AlloyTraining\AlloyTraining\Resources\LanguageFiles\DisplayOptions.xml.
System.Configuration.ConfigurationErrorsException: Root element is missing. (/Resources/LanguageFiles/DisplayOptions.xml) ---> System.Xml.XmlException: Root element is missing.
   at System.Xml.XmlTextReaderImpl.Throw(Exception e)
   at System.Xml.XmlTextReaderImpl.ParseDocumentContent()
   at System.Xml.XmlTextReaderImpl.Read()
   at System.Xml.XmlReader.MoveToContent()
   at EPiServer.Framework.Localization.XmlResources.Internal.LanguageDocument.Load(Stream stream)
   at EPiServer.Framework.Localization.XmlResources.FileXmlLocalizationProvider.InitalizeFromVirtualDirectory()
   --- End of inner exception stack trace ---
   at EPiServer.Framework.Localization.XmlResources.FileXmlLocalizationProvider.InitalizeFromVirtualDirectory()
   at EPiServer.Framework.Localization.XmlResources.FileXmlLocalizationProvider._fileSystemWatcher_EventHandler(Object sender, FileSystemEventArgs e)
System.Configuration.ConfigurationErrorsException: Root element is missing. (/Resources/LanguageFiles/DisplayOptions.xml) ---> System.Xml.XmlException: Root element is missing.
   at System.Xml.XmlTextReaderImpl.Throw(Exception e)
   at System.Xml.XmlTextReaderImpl.ParseDocumentContent()
   at System.Xml.XmlTextReaderImpl.Read()
   at System.Xml.XmlReader.MoveToContent()
   at EPiServer.Framework.Localization.XmlResources.Internal.LanguageDocument.Load(Stream stream)
   at EPiServer.Framework.Localization.XmlResources.FileXmlLocalizationProvider.InitalizeFromVirtualDirectory()
   --- End of inner exception stack trace ---
   at EPiServer.Framework.Localization.XmlResources.FileXmlLocalizationProvider.InitalizeFromVirtualDirectory()
   at EPiServer.Framework.Localization.XmlResources.FileXmlLocalizationProvider._fileSystemWatcher_EventHandler(Object sender, FileSystemEventArgs e)
2017-11-08 12:55:34,395 [42] ERROR EPiServer.Framework.Localization.XmlResources.FileXmlLocalizationProvider: Unhandled exception while handling FileSystemWatcher event Changed on file C:\Users\training\AlloyTraining\AlloyTraining\AlloyTraining\Resources\LanguageFiles\DisplayOptions.xml.
System.Configuration.ConfigurationErrorsException: Root element is missing. (/Resources/LanguageFiles/DisplayOptions.xml) ---> System.Xml.XmlException: Root element is missing.
   at System.Xml.XmlTextReaderImpl.Throw(Exception e)
   at System.Xml.XmlTextReaderImpl.ParseDocumentContent()
   at System.Xml.XmlTextReaderImpl.Read()
   at System.Xml.XmlReader.MoveToContent()
   at EPiServer.Framework.Localization.XmlResources.Internal.LanguageDocument.Load(Stream stream)
   at EPiServer.Framework.Localization.XmlResources.FileXmlLocalizationProvider.InitalizeFromVirtualDirectory()
   --- End of inner exception stack trace ---
   at EPiServer.Framework.Localization.XmlResources.FileXmlLocalizationProvider.InitalizeFromVirtualDirectory()
   at EPiServer.Framework.Localization.XmlResources.FileXmlLocalizationProvider._fileSystemWatcher_EventHandler(Object sender, FileSystemEventArgs e)
System.Configuration.ConfigurationErrorsException: Root element is missing. (/Resources/LanguageFiles/DisplayOptions.xml) ---> System.Xml.XmlException: Root element is missing.
   at System.Xml.XmlTextReaderImpl.Throw(Exception e)
   at System.Xml.XmlTextReaderImpl.ParseDocumentContent()
   at System.Xml.XmlTextReaderImpl.Read()
   at System.Xml.XmlReader.MoveToContent()
   at EPiServer.Framework.Localization.XmlResources.Internal.LanguageDocument.Load(Stream stream)
   at EPiServer.Framework.Localization.XmlResources.FileXmlLocalizationProvider.InitalizeFromVirtualDirectory()
   --- End of inner exception stack trace ---
   at EPiServer.Framework.Localization.XmlResources.FileXmlLocalizationProvider.InitalizeFromVirtualDirectory()
   at EPiServer.Framework.Localization.XmlResources.FileXmlLocalizationProvider._fileSystemWatcher_EventHandler(Object sender, FileSystemEventArgs e)
2017-11-08 12:55:42,083 [33] ERROR EPiServer.Framework.Initialization.InitializationEngine: Initialize action failed for 'Initialize on class EPiServer.Initialization.Internal.PermanentLinkMapperCacheInitialization, EPiServer, Version=10.10.4.0, Culture=neutral, PublicKeyToken=8fe83dea738b45b7'
EPiServer.ServiceLocation.ActivationException: Activation error occurred while trying to get instance of type IContentLoader, key "" ---> StructureMap.Building.StructureMapBuildException: Failure while building 'Lambda: Invoke(value(EPiServer.ServiceLocation.Internal.StructureMapConfiguredType+<>c__DisplayClass6_0).p, value(EPiServer.ServiceLocation.Internal.StructureMapConfiguredType)._serviceLocator)', check the inner exception for details
1.) Lambda: Invoke(value(EPiServer.ServiceLocation.Internal.StructureMapConfiguredType+<>c__DisplayClass6_0).p, value(EPiServer.ServiceLocation.Internal.StructureMapConfiguredType)._serviceLocator)
2.) Instance of EPiServer.Core.IContentProviderManager (System.Object)
3.) new DefaultContentLoader(*Default of IContentProviderManager*, *Default of DefaultContentEvents*, *Default of IPermanentLinkMapper*, *Default of ProviderPipeline*, *Default of ILanguageBranchRepository*, *Default of LanguagePipeline*, *Default of IContentLanguageAccessor*, *Default of IContentChildrenSorter*)
4.) EPiServer.Core.Internal.DefaultContentLoader
5.) Instance of EPiServer.IContentLoader (EPiServer.Core.Internal.DefaultContentLoader)
6.) Container.GetInstance(EPiServer.IContentLoader)
 ---> System.Reflection.TargetInvocationException: Exception has been thrown by the target of an invocation. ---> EPiServer.ServiceLocation.ActivationException: Activation error occurred while trying to get instance of type DefaultContentProviderManager, key "" ---> StructureMap.Building.StructureMapBuildException: Failure while building 'Lambda: Invoke(value(EPiServer.ServiceLocation.Internal.StructureMapConfiguredType+<>c__DisplayClass6_0).p, value(EPiServer.ServiceLocation.Internal.StructureMapConfiguredType)._serviceLocator)', check the inner exception for details
1.) Lambda: Invoke(value(EPiServer.ServiceLocation.Internal.StructureMapConfiguredType+<>c__DisplayClass6_0).p, value(EPiServer.ServiceLocation.Internal.StructureMapConfiguredType)._serviceLocator)
2.) Instance of EPiServer.Core.IContentLanguageAccessor (System.Object)
3.) new DefaultContentProviderManager(*Default of IContentLanguageAccessor*)
4.) EPiServer.Core.Internal.DefaultContentProviderManager
5.) Instance of EPiServer.Core.Internal.DefaultContentProviderManager
6.) Container.GetInstance(EPiServer.Core.Internal.DefaultContentProviderManager)
 ---> EPiServer.ServiceLocation.ActivationException: Activation error occurred while trying to get instance of type ContentLanguageImplementation, key "" ---> StructureMap.Building.StructureMapBuildException: Failure while building 'Lambda: Invoke(value(EPiServer.ServiceLocation.Internal.StructureMapConfiguredType+<>c__DisplayClass6_0).p, value(EPiServer.ServiceLocation.Internal.StructureMapConfiguredType)._serviceLocator)', check the inner exception for details
1.) Lambda: Invoke(value(EPiServer.ServiceLocation.Internal.StructureMapConfiguredType+<>c__DisplayClass6_0).p, value(EPiServer.ServiceLocation.Internal.StructureMapConfiguredType)._serviceLocator)
2.) Instance of EPiServer.Framework.Localization.LocalizationService (System.Object)
3.) new LanguageBranchRepository(*Default of LanguageBranchDB*, *Default of LocalizationService*, *Default of ISynchronizedObjectInstanceCache*)
4.) EPiServer.DataAbstraction.Internal.LanguageBranchRepository
5.) Instance of EPiServer.DataAbstraction.ILanguageBranchRepository (EPiServer.DataAbstraction.Internal.LanguageBranchRepository)
6.) new ContentLanguageImplementation(*Default of ILanguageBranchRepository*, *Default of HostLanguageResolver*, *Default of ServiceAccessor<HttpRequestBase>*, *Default of ContextCache*)
7.) EPiServer.Globalization.Internal.ContentLanguageImplementation
8.) Instance of EPiServer.Globalization.Internal.ContentLanguageImplementation
9.) Container.GetInstance(EPiServer.Globalization.Internal.ContentLanguageImplementation)
 ---> System.Reflection.TargetInvocationException: Exception has been thrown by the target of an invocation. ---> System.Reflection.TargetInvocationException: Exception has been thrown by the target of an invocation. ---> System.Configuration.ConfigurationErrorsException: Root element is missing. (/Resources/LanguageFiles/DisplayOptions.xml) ---> System.Xml.XmlException: Root element is missing.
   at System.Xml.XmlTextReaderImpl.Throw(Exception e)
   at System.Xml.XmlTextReaderImpl.ParseDocumentContent()
   at System.Xml.XmlTextReaderImpl.Read()
   at System.Xml.XmlReader.MoveToContent()
   at EPiServer.Framework.Localization.XmlResources.Internal.LanguageDocument.Load(Stream stream)
   at EPiServer.Framework.Localization.XmlResources.FileXmlLocalizationProvider.InitalizeFromVirtualDirectory()
   --- End of inner exception stack trace ---
   at EPiServer.Framework.Localization.XmlResources.FileXmlLocalizationProvider.InitalizeFromVirtualDirectory()
   at EPiServer.Framework.Localization.XmlResources.FileXmlLocalizationProvider.Initialize(String name, NameValueCollection config)
   --- End of inner exception stack trace ---
   at System.RuntimeMethodHandle.InvokeMethod(Object target, Object[] arguments, Signature sig, Boolean constructor)
   at System.Reflection.RuntimeMethodInfo.UnsafeInvokeInternal(Object obj, Object[] parameters, Object[] arguments)
   at System.Reflection.RuntimeMethodInfo.Invoke(Object obj, BindingFlags invokeAttr, Binder binder, Object[] parameters, CultureInfo culture)
   at EPiServer.Configuration.Internal.DefaultProviderFactory.InstantiateProvider[T](ProviderSettings providerSettings, Type type)
   at EPiServer.Configuration.Transform.Internal.LocalizationConfigurationTransform.<>c__DisplayClass4_0.<Transform>b__0(IServiceLocator s)
   at EPiServer.Framework.Localization.ProviderBasedLocalizationService.Create(ResourceKeyHandler keyHandler, LocalizationOptions localizationOptions, IServiceLocator serviceLocator)
   at EPiServer.Framework.Localization.ProviderBasedLocalizationService.CreateLocalizationService(ResourceKeyHandler keyHandler, LocalizationOptions localizationOptions, IServiceLocator serviceLocator)
   --- End of inner exception stack trace ---
   at System.RuntimeMethodHandle.InvokeMethod(Object target, Object[] arguments, Signature sig, Boolean constructor)
   at System.Reflection.RuntimeMethodInfo.UnsafeInvokeInternal(Object obj, Object[] parameters, Object[] arguments)
   at System.Reflection.RuntimeMethodInfo.Invoke(Object obj, BindingFlags invokeAttr, Binder binder, Object[] parameters, CultureInfo culture)
   at EPiServer.ServiceLocation.Internal.ReflectiveServiceConfigurationHelper.<>c__DisplayClass0_1.<TryRegisterServiceFactoryMember>b__3(IServiceLocator c)
   at EPiServer.ServiceLocation.Internal.StructureMapConfiguration.<>c__DisplayClass8_0.<Add>b__1(IServiceLocator s)
   at lambda_method(Closure , IBuildSession , IContext )
   --- End of inner exception stack trace ---
   at lambda_method(Closure , IBuildSession , IContext )
   at StructureMap.Building.BuildPlan.Build(IBuildSession session, IContext context) in c:\BuildAgent\work\a395dbde6b793293\src\StructureMap\Building\BuildPlan.cs:line 151
   at StructureMap.BuildSession.BuildNewInSession(Type pluginType, Instance instance) in c:\BuildAgent\work\a395dbde6b793293\src\StructureMap\BuildSession.cs:line 114
   at StructureMap.BuildSession.BuildNewInOriginalContext(Type pluginType, Instance instance) in c:\BuildAgent\work\a395dbde6b793293\src\StructureMap\BuildSession.cs:line 119
   at StructureMap.Pipeline.LifecycleObjectCache.buildWithSession(Type pluginType, Instance instance, IBuildSession session) in c:\BuildAgent\work\a395dbde6b793293\src\StructureMap\Pipeline\LifecycleObjectCache.cs:line 92
   at StructureMap.Pipeline.LifecycleObjectCache.Get(Type pluginType, Instance instance, IBuildSession session) in c:\BuildAgent\work\a395dbde6b793293\src\StructureMap\Pipeline\LifecycleObjectCache.cs:line 71
   at StructureMap.BuildSession.ResolveFromLifecycle(Type pluginType, Instance instance) in c:\BuildAgent\work\a395dbde6b793293\src\StructureMap\BuildSession.cs:line 103
   at StructureMap.SessionCache.GetObject(Type pluginType, Instance instance, ILifecycle lifecycle) in c:\BuildAgent\work\a395dbde6b793293\src\StructureMap\SessionCache.cs:line 93
   at StructureMap.SessionCache.GetDefault(Type pluginType, IPipelineGraph pipelineGraph) in c:\BuildAgent\work\a395dbde6b793293\src\StructureMap\SessionCache.cs:line 68
   at StructureMap.Container.GetInstance(Type pluginType) in c:\BuildAgent\work\a395dbde6b793293\src\StructureMap\Container.cs:line 337
   at EPiServer.ServiceLocation.StructureMapServiceLocator.DoGetInstance(Type serviceType, String key)
   at EPiServer.ServiceLocation.ServiceLocatorImplBase.GetInstance(Type serviceType, String key)
   --- End of inner exception stack trace ---
   at EPiServer.ServiceLocation.ServiceLocatorImplBase.GetInstance(Type serviceType, String key)
   at EPiServer.ServiceLocation.ServiceLocatorImplBase.GetInstance[TService]()
   at EPiServer.ServiceLocation.ServiceConfigurationProviderExtensions.<>c__32`2.<Forward>b__32_0(IServiceLocator s)
   at EPiServer.ServiceLocation.Internal.StructureMapConfiguration.<>c__DisplayClass8_0.<Add>b__1(IServiceLocator s)
   at lambda_method(Closure , IBuildSession , IContext )
   --- End of inner exception stack trace ---
   at lambda_method(Closure , IBuildSession , IContext )
   at StructureMap.Building.BuildPlan.Build(IBuildSession session, IContext context) in c:\BuildAgent\work\a395dbde6b793293\src\StructureMap\Building\BuildPlan.cs:line 151
   at StructureMap.BuildSession.BuildNewInSession(Type pluginType, Instance instance) in c:\BuildAgent\work\a395dbde6b793293\src\StructureMap\BuildSession.cs:line 114
   at StructureMap.BuildSession.BuildNewInOriginalContext(Type pluginType, Instance instance) in c:\BuildAgent\work\a395dbde6b793293\src\StructureMap\BuildSession.cs:line 119
   at StructureMap.Pipeline.LifecycleObjectCache.buildWithSession(Type pluginType, Instance instance, IBuildSession session) in c:\BuildAgent\work\a395dbde6b793293\src\StructureMap\Pipeline\LifecycleObjectCache.cs:line 92
   at StructureMap.Pipeline.LifecycleObjectCache.Get(Type pluginType, Instance instance, IBuildSession session) in c:\BuildAgent\work\a395dbde6b793293\src\StructureMap\Pipeline\LifecycleObjectCache.cs:line 71
   at StructureMap.BuildSession.ResolveFromLifecycle(Type pluginType, Instance instance) in c:\BuildAgent\work\a395dbde6b793293\src\StructureMap\BuildSession.cs:line 103
   at StructureMap.SessionCache.GetObject(Type pluginType, Instance instance, ILifecycle lifecycle) in c:\BuildAgent\work\a395dbde6b793293\src\StructureMap\SessionCache.cs:line 93
   at StructureMap.SessionCache.GetDefault(Type pluginType, IPipelineGraph pipelineGraph) in c:\BuildAgent\work\a395dbde6b793293\src\StructureMap\SessionCache.cs:line 68
   at StructureMap.Container.GetInstance(Type pluginType) in c:\BuildAgent\work\a395dbde6b793293\src\StructureMap\Container.cs:line 337
   at EPiServer.ServiceLocation.StructureMapServiceLocator.DoGetInstance(Type serviceType, String key)
   at EPiServer.ServiceLocation.ServiceLocatorImplBase.GetInstance(Type serviceType, String key)
   --- End of inner exception stack trace ---
   at EPiServer.ServiceLocation.ServiceLocatorImplBase.GetInstance(Type serviceType, String key)
   at EPiServer.ServiceLocation.ServiceLocatorImplBase.GetInstance[TService]()
   at EPiServer.Core.Internal.DefaultContentProviderManager.get_Instance()
   --- End of inner exception stack trace ---
   at System.RuntimeMethodHandle.InvokeMethod(Object target, Object[] arguments, Signature sig, Boolean constructor)
   at System.Reflection.RuntimeMethodInfo.UnsafeInvokeInternal(Object obj, Object[] parameters, Object[] arguments)
   at System.Reflection.RuntimeMethodInfo.Invoke(Object obj, BindingFlags invokeAttr, Binder binder, Object[] parameters, CultureInfo culture)
   at EPiServer.ServiceLocation.Internal.ReflectiveServiceConfigurationHelper.<>c__DisplayClass0_0.<TryRegisterServiceFactoryMember>b__0(IServiceLocator c)
   at EPiServer.ServiceLocation.Internal.StructureMapConfiguration.<>c__DisplayClass8_0.<Add>b__1(IServiceLocator s)
   at lambda_method(Closure , IBuildSession , IContext )
   --- End of inner exception stack trace ---
   at lambda_method(Closure , IBuildSession , IContext )
   at StructureMap.Building.BuildPlan.Build(IBuildSession session, IContext context) in c:\BuildAgent\work\a395dbde6b793293\src\StructureMap\Building\BuildPlan.cs:line 151
   at StructureMap.BuildSession.BuildNewInSession(Type pluginType, Instance instance) in c:\BuildAgent\work\a395dbde6b793293\src\StructureMap\BuildSession.cs:line 114
   at StructureMap.BuildSession.BuildNewInOriginalContext(Type pluginType, Instance instance) in c:\BuildAgent\work\a395dbde6b793293\src\StructureMap\BuildSession.cs:line 119
   at StructureMap.Pipeline.LifecycleObjectCache.buildWithSession(Type pluginType, Instance instance, IBuildSession session) in c:\BuildAgent\work\a395dbde6b793293\src\StructureMap\Pipeline\LifecycleObjectCache.cs:line 92
   at StructureMap.Pipeline.LifecycleObjectCache.Get(Type pluginType, Instance instance, IBuildSession session) in c:\BuildAgent\work\a395dbde6b793293\src\StructureMap\Pipeline\LifecycleObjectCache.cs:line 71
   at StructureMap.BuildSession.ResolveFromLifecycle(Type pluginType, Instance instance) in c:\BuildAgent\work\a395dbde6b793293\src\StructureMap\BuildSession.cs:line 103
   at StructureMap.SessionCache.GetObject(Type pluginType, Instance instance, ILifecycle lifecycle) in c:\BuildAgent\work\a395dbde6b793293\src\StructureMap\SessionCache.cs:line 93
   at StructureMap.SessionCache.GetDefault(Type pluginType, IPipelineGraph pipelineGraph) in c:\BuildAgent\work\a395dbde6b793293\src\StructureMap\SessionCache.cs:line 68
   at StructureMap.Container.GetInstance(Type pluginType) in c:\BuildAgent\work\a395dbde6b793293\src\StructureMap\Container.cs:line 337
   at EPiServer.ServiceLocation.StructureMapServiceLocator.DoGetInstance(Type serviceType, String key)
   at EPiServer.ServiceLocation.ServiceLocatorImplBase.GetInstance(Type serviceType, String key)
   --- End of inner exception stack trace ---
   at EPiServer.ServiceLocation.ServiceLocatorImplBase.GetInstance(Type serviceType, String key)
   at EPiServer.ServiceLocation.ServiceLocatorImplBase.GetInstance[TService]()
   at EPiServer.ServiceLocationHelperExtensions.ContentLoader(ServiceLocationHelper serviceLocationHelper)
   at EPiServer.Initialization.Internal.PermanentLinkMapperCacheInitialization.Initialize(InitializationEngine context)
   at EPiServer.Framework.Initialization.Internal.ModuleNode.<>c__DisplayClass2_0.<Initialize>b__0()
   at EPiServer.Framework.Initialization.Internal.ModuleNode.Execute(Action a, String key)
   at EPiServer.Framework.Initialization.Internal.ModuleNode.Initialize(InitializationEngine context)
   at EPiServer.Framework.Initialization.InitializationEngine.InitializeModules()
EPiServer.ServiceLocation.ActivationException: Activation error occurred while trying to get instance of type IContentLoader, key "" ---> StructureMap.Building.StructureMapBuildException: Failure while building 'Lambda: Invoke(value(EPiServer.ServiceLocation.Internal.StructureMapConfiguredType+<>c__DisplayClass6_0).p, value(EPiServer.ServiceLocation.Internal.StructureMapConfiguredType)._serviceLocator)', check the inner exception for details
1.) Lambda: Invoke(value(EPiServer.ServiceLocation.Internal.StructureMapConfiguredType+<>c__DisplayClass6_0).p, value(EPiServer.ServiceLocation.Internal.StructureMapConfiguredType)._serviceLocator)
2.) Instance of EPiServer.Core.IContentProviderManager (System.Object)
3.) new DefaultContentLoader(*Default of IContentProviderManager*, *Default of DefaultContentEvents*, *Default of IPermanentLinkMapper*, *Default of ProviderPipeline*, *Default of ILanguageBranchRepository*, *Default of LanguagePipeline*, *Default of IContentLanguageAccessor*, *Default of IContentChildrenSorter*)
4.) EPiServer.Core.Internal.DefaultContentLoader
5.) Instance of EPiServer.IContentLoader (EPiServer.Core.Internal.DefaultContentLoader)
6.) Container.GetInstance(EPiServer.IContentLoader)
 ---> System.Reflection.TargetInvocationException: Exception has been thrown by the target of an invocation. ---> EPiServer.ServiceLocation.ActivationException: Activation error occurred while trying to get instance of type DefaultContentProviderManager, key "" ---> StructureMap.Building.StructureMapBuildException: Failure while building 'Lambda: Invoke(value(EPiServer.ServiceLocation.Internal.StructureMapConfiguredType+<>c__DisplayClass6_0).p, value(EPiServer.ServiceLocation.Internal.StructureMapConfiguredType)._serviceLocator)', check the inner exception for details
1.) Lambda: Invoke(value(EPiServer.ServiceLocation.Internal.StructureMapConfiguredType+<>c__DisplayClass6_0).p, value(EPiServer.ServiceLocation.Internal.StructureMapConfiguredType)._serviceLocator)
2.) Instance of EPiServer.Core.IContentLanguageAccessor (System.Object)
3.) new DefaultContentProviderManager(*Default of IContentLanguageAccessor*)
4.) EPiServer.Core.Internal.DefaultContentProviderManager
5.) Instance of EPiServer.Core.Internal.DefaultContentProviderManager
6.) Container.GetInstance(EPiServer.Core.Internal.DefaultContentProviderManager)
 ---> EPiServer.ServiceLocation.ActivationException: Activation error occurred while trying to get instance of type ContentLanguageImplementation, key "" ---> StructureMap.Building.StructureMapBuildException: Failure while building 'Lambda: Invoke(value(EPiServer.ServiceLocation.Internal.StructureMapConfiguredType+<>c__DisplayClass6_0).p, value(EPiServer.ServiceLocation.Internal.StructureMapConfiguredType)._serviceLocator)', check the inner exception for details
1.) Lambda: Invoke(value(EPiServer.ServiceLocation.Internal.StructureMapConfiguredType+<>c__DisplayClass6_0).p, value(EPiServer.ServiceLocation.Internal.StructureMapConfiguredType)._serviceLocator)
2.) Instance of EPiServer.Framework.Localization.LocalizationService (System.Object)
3.) new LanguageBranchRepository(*Default of LanguageBranchDB*, *Default of LocalizationService*, *Default of ISynchronizedObjectInstanceCache*)
4.) EPiServer.DataAbstraction.Internal.LanguageBranchRepository
5.) Instance of EPiServer.DataAbstraction.ILanguageBranchRepository (EPiServer.DataAbstraction.Internal.LanguageBranchRepository)
6.) new ContentLanguageImplementation(*Default of ILanguageBranchRepository*, *Default of HostLanguageResolver*, *Default of ServiceAccessor<HttpRequestBase>*, *Default of ContextCache*)
7.) EPiServer.Globalization.Internal.ContentLanguageImplementation
8.) Instance of EPiServer.Globalization.Internal.ContentLanguageImplementation
9.) Container.GetInstance(EPiServer.Globalization.Internal.ContentLanguageImplementation)
 ---> System.Reflection.TargetInvocationException: Exception has been thrown by the target of an invocation. ---> System.Reflection.TargetInvocationException: Exception has been thrown by the target of an invocation. ---> System.Configuration.ConfigurationErrorsException: Root element is missing. (/Resources/LanguageFiles/DisplayOptions.xml) ---> System.Xml.XmlException: Root element is missing.
   at System.Xml.XmlTextReaderImpl.Throw(Exception e)
   at System.Xml.XmlTextReaderImpl.ParseDocumentContent()
   at System.Xml.XmlTextReaderImpl.Read()
   at System.Xml.XmlReader.MoveToContent()
   at EPiServer.Framework.Localization.XmlResources.Internal.LanguageDocument.Load(Stream stream)
   at EPiServer.Framework.Localization.XmlResources.FileXmlLocalizationProvider.InitalizeFromVirtualDirectory()
   --- End of inner exception stack trace ---
   at EPiServer.Framework.Localization.XmlResources.FileXmlLocalizationProvider.InitalizeFromVirtualDirectory()
   at EPiServer.Framework.Localization.XmlResources.FileXmlLocalizationProvider.Initialize(String name, NameValueCollection config)
   --- End of inner exception stack trace ---
   at System.RuntimeMethodHandle.InvokeMethod(Object target, Object[] arguments, Signature sig, Boolean constructor)
   at System.Reflection.RuntimeMethodInfo.UnsafeInvokeInternal(Object obj, Object[] parameters, Object[] arguments)
   at System.Reflection.RuntimeMethodInfo.Invoke(Object obj, BindingFlags invokeAttr, Binder binder, Object[] parameters, CultureInfo culture)
   at EPiServer.Configuration.Internal.DefaultProviderFactory.InstantiateProvider[T](ProviderSettings providerSettings, Type type)
   at EPiServer.Configuration.Transform.Internal.LocalizationConfigurationTransform.<>c__DisplayClass4_0.<Transform>b__0(IServiceLocator s)
   at EPiServer.Framework.Localization.ProviderBasedLocalizationService.Create(ResourceKeyHandler keyHandler, LocalizationOptions localizationOptions, IServiceLocator serviceLocator)
   at EPiServer.Framework.Localization.ProviderBasedLocalizationService.CreateLocalizationService(ResourceKeyHandler keyHandler, LocalizationOptions localizationOptions, IServiceLocator serviceLocator)
   --- End of inner exception stack trace ---
   at System.RuntimeMethodHandle.InvokeMethod(Object target, Object[] arguments, Signature sig, Boolean constructor)
   at System.Reflection.RuntimeMethodInfo.UnsafeInvokeInternal(Object obj, Object[] parameters, Object[] arguments)
   at System.Reflection.RuntimeMethodInfo.Invoke(Object obj, BindingFlags invokeAttr, Binder binder, Object[] parameters, CultureInfo culture)
   at EPiServer.ServiceLocation.Internal.ReflectiveServiceConfigurationHelper.<>c__DisplayClass0_1.<TryRegisterServiceFactoryMember>b__3(IServiceLocator c)
   at EPiServer.ServiceLocation.Internal.StructureMapConfiguration.<>c__DisplayClass8_0.<Add>b__1(IServiceLocator s)
   at lambda_method(Closure , IBuildSession , IContext )
   --- End of inner exception stack trace ---
   at lambda_method(Closure , IBuildSession , IContext )
   at StructureMap.Building.BuildPlan.Build(IBuildSession session, IContext context) in c:\BuildAgent\work\a395dbde6b793293\src\StructureMap\Building\BuildPlan.cs:line 151
   at StructureMap.BuildSession.BuildNewInSession(Type pluginType, Instance instance) in c:\BuildAgent\work\a395dbde6b793293\src\StructureMap\BuildSession.cs:line 114
   at StructureMap.BuildSession.BuildNewInOriginalContext(Type pluginType, Instance instance) in c:\BuildAgent\work\a395dbde6b793293\src\StructureMap\BuildSession.cs:line 119
   at StructureMap.Pipeline.LifecycleObjectCache.buildWithSession(Type pluginType, Instance instance, IBuildSession session) in c:\BuildAgent\work\a395dbde6b793293\src\StructureMap\Pipeline\LifecycleObjectCache.cs:line 92
   at StructureMap.Pipeline.LifecycleObjectCache.Get(Type pluginType, Instance instance, IBuildSession session) in c:\BuildAgent\work\a395dbde6b793293\src\StructureMap\Pipeline\LifecycleObjectCache.cs:line 71
   at StructureMap.BuildSession.ResolveFromLifecycle(Type pluginType, Instance instance) in c:\BuildAgent\work\a395dbde6b793293\src\StructureMap\BuildSession.cs:line 103
   at StructureMap.SessionCache.GetObject(Type pluginType, Instance instance, ILifecycle lifecycle) in c:\BuildAgent\work\a395dbde6b793293\src\StructureMap\SessionCache.cs:line 93
   at StructureMap.SessionCache.GetDefault(Type pluginType, IPipelineGraph pipelineGraph) in c:\BuildAgent\work\a395dbde6b793293\src\StructureMap\SessionCache.cs:line 68
   at StructureMap.Container.GetInstance(Type pluginType) in c:\BuildAgent\work\a395dbde6b793293\src\StructureMap\Container.cs:line 337
   at EPiServer.ServiceLocation.StructureMapServiceLocator.DoGetInstance(Type serviceType, String key)
   at EPiServer.ServiceLocation.ServiceLocatorImplBase.GetInstance(Type serviceType, String key)
   --- End of inner exception stack trace ---
   at EPiServer.ServiceLocation.ServiceLocatorImplBase.GetInstance(Type serviceType, String key)
   at EPiServer.ServiceLocation.ServiceLocatorImplBase.GetInstance[TService]()
   at EPiServer.ServiceLocation.ServiceConfigurationProviderExtensions.<>c__32`2.<Forward>b__32_0(IServiceLocator s)
   at EPiServer.ServiceLocation.Internal.StructureMapConfiguration.<>c__DisplayClass8_0.<Add>b__1(IServiceLocator s)
   at lambda_method(Closure , IBuildSession , IContext )
   --- End of inner exception stack trace ---
   at lambda_method(Closure , IBuildSession , IContext )
   at StructureMap.Building.BuildPlan.Build(IBuildSession session, IContext context) in c:\BuildAgent\work\a395dbde6b793293\src\StructureMap\Building\BuildPlan.cs:line 151
   at StructureMap.BuildSession.BuildNewInSession(Type pluginType, Instance instance) in c:\BuildAgent\work\a395dbde6b793293\src\StructureMap\BuildSession.cs:line 114
   at StructureMap.BuildSession.BuildNewInOriginalContext(Type pluginType, Instance instance) in c:\BuildAgent\work\a395dbde6b793293\src\StructureMap\BuildSession.cs:line 119
   at StructureMap.Pipeline.LifecycleObjectCache.buildWithSession(Type pluginType, Instance instance, IBuildSession session) in c:\BuildAgent\work\a395dbde6b793293\src\StructureMap\Pipeline\LifecycleObjectCache.cs:line 92
   at StructureMap.Pipeline.LifecycleObjectCache.Get(Type pluginType, Instance instance, IBuildSession session) in c:\BuildAgent\work\a395dbde6b793293\src\StructureMap\Pipeline\LifecycleObjectCache.cs:line 71
   at StructureMap.BuildSession.ResolveFromLifecycle(Type pluginType, Instance instance) in c:\BuildAgent\work\a395dbde6b793293\src\StructureMap\BuildSession.cs:line 103
   at StructureMap.SessionCache.GetObject(Type pluginType, Instance instance, ILifecycle lifecycle) in c:\BuildAgent\work\a395dbde6b793293\src\StructureMap\SessionCache.cs:line 93
   at StructureMap.SessionCache.GetDefault(Type pluginType, IPipelineGraph pipelineGraph) in c:\BuildAgent\work\a395dbde6b793293\src\StructureMap\SessionCache.cs:line 68
   at StructureMap.Container.GetInstance(Type pluginType) in c:\BuildAgent\work\a395dbde6b793293\src\StructureMap\Container.cs:line 337
   at EPiServer.ServiceLocation.StructureMapServiceLocator.DoGetInstance(Type serviceType, String key)
   at EPiServer.ServiceLocation.ServiceLocatorImplBase.GetInstance(Type serviceType, String key)
   --- End of inner exception stack trace ---
   at EPiServer.ServiceLocation.ServiceLocatorImplBase.GetInstance(Type serviceType, String key)
   at EPiServer.ServiceLocation.ServiceLocatorImplBase.GetInstance[TService]()
   at EPiServer.Core.Internal.DefaultContentProviderManager.get_Instance()
   --- End of inner exception stack trace ---
   at System.RuntimeMethodHandle.InvokeMethod(Object target, Object[] arguments, Signature sig, Boolean constructor)
   at System.Reflection.RuntimeMethodInfo.UnsafeInvokeInternal(Object obj, Object[] parameters, Object[] arguments)
   at System.Reflection.RuntimeMethodInfo.Invoke(Object obj, BindingFlags invokeAttr, Binder binder, Object[] parameters, CultureInfo culture)
   at EPiServer.ServiceLocation.Internal.ReflectiveServiceConfigurationHelper.<>c__DisplayClass0_0.<TryRegisterServiceFactoryMember>b__0(IServiceLocator c)
   at EPiServer.ServiceLocation.Internal.StructureMapConfiguration.<>c__DisplayClass8_0.<Add>b__1(IServiceLocator s)
   at lambda_method(Closure , IBuildSession , IContext )
   --- End of inner exception stack trace ---
   at lambda_method(Closure , IBuildSession , IContext )
   at StructureMap.Building.BuildPlan.Build(IBuildSession session, IContext context) in c:\BuildAgent\work\a395dbde6b793293\src\StructureMap\Building\BuildPlan.cs:line 151
   at StructureMap.BuildSession.BuildNewInSession(Type pluginType, Instance instance) in c:\BuildAgent\work\a395dbde6b793293\src\StructureMap\BuildSession.cs:line 114
   at StructureMap.BuildSession.BuildNewInOriginalContext(Type pluginType, Instance instance) in c:\BuildAgent\work\a395dbde6b793293\src\StructureMap\BuildSession.cs:line 119
   at StructureMap.Pipeline.LifecycleObjectCache.buildWithSession(Type pluginType, Instance instance, IBuildSession session) in c:\BuildAgent\work\a395dbde6b793293\src\StructureMap\Pipeline\LifecycleObjectCache.cs:line 92
   at StructureMap.Pipeline.LifecycleObjectCache.Get(Type pluginType, Instance instance, IBuildSession session) in c:\BuildAgent\work\a395dbde6b793293\src\StructureMap\Pipeline\LifecycleObjectCache.cs:line 71
   at StructureMap.BuildSession.ResolveFromLifecycle(Type pluginType, Instance instance) in c:\BuildAgent\work\a395dbde6b793293\src\StructureMap\BuildSession.cs:line 103
   at StructureMap.SessionCache.GetObject(Type pluginType, Instance instance, ILifecycle lifecycle) in c:\BuildAgent\work\a395dbde6b793293\src\StructureMap\SessionCache.cs:line 93
   at StructureMap.SessionCache.GetDefault(Type pluginType, IPipelineGraph pipelineGraph) in c:\BuildAgent\work\a395dbde6b793293\src\StructureMap\SessionCache.cs:line 68
   at StructureMap.Container.GetInstance(Type pluginType) in c:\BuildAgent\work\a395dbde6b793293\src\StructureMap\Container.cs:line 337
   at EPiServer.ServiceLocation.StructureMapServiceLocator.DoGetInstance(Type serviceType, String key)
   at EPiServer.ServiceLocation.ServiceLocatorImplBase.GetInstance(Type serviceType, String key)
   --- End of inner exception stack trace ---
   at EPiServer.ServiceLocation.ServiceLocatorImplBase.GetInstance(Type serviceType, String key)
   at EPiServer.ServiceLocation.ServiceLocatorImplBase.GetInstance[TService]()
   at EPiServer.ServiceLocationHelperExtensions.ContentLoader(ServiceLocationHelper serviceLocationHelper)
   at EPiServer.Initialization.Internal.PermanentLinkMapperCacheInitialization.Initialize(InitializationEngine context)
   at EPiServer.Framework.Initialization.Internal.ModuleNode.<>c__DisplayClass2_0.<Initialize>b__0()
   at EPiServer.Framework.Initialization.Internal.ModuleNode.Execute(Action a, String key)
   at EPiServer.Framework.Initialization.Internal.ModuleNode.Initialize(InitializationEngine context)
   at EPiServer.Framework.Initialization.InitializationEngine.InitializeModules()
2017-11-08 12:56:05,050 [33] ERROR EPiServer.Framework.Initialization.InitializationEngine: Initialize action failed for 'Initialize on class EPiServer.Initialization.Internal.PermanentLinkMapperCacheInitialization, EPiServer, Version=10.10.4.0, Culture=neutral, PublicKeyToken=8fe83dea738b45b7'
EPiServer.ServiceLocation.ActivationException: Activation error occurred while trying to get instance of type IContentLoader, key "" ---> StructureMap.Building.StructureMapBuildException: Failure while building 'Lambda: Invoke(value(EPiServer.ServiceLocation.Internal.StructureMapConfiguredType+<>c__DisplayClass6_0).p, value(EPiServer.ServiceLocation.Internal.StructureMapConfiguredType)._serviceLocator)', check the inner exception for details
1.) Lambda: Invoke(value(EPiServer.ServiceLocation.Internal.StructureMapConfiguredType+<>c__DisplayClass6_0).p, value(EPiServer.ServiceLocation.Internal.StructureMapConfiguredType)._serviceLocator)
2.) Instance of EPiServer.Core.IContentProviderManager (System.Object)
3.) new DefaultContentLoader(*Default of IContentProviderManager*, *Default of DefaultContentEvents*, *Default of IPermanentLinkMapper*, *Default of ProviderPipeline*, *Default of ILanguageBranchRepository*, *Default of LanguagePipeline*, *Default of IContentLanguageAccessor*, *Default of IContentChildrenSorter*)
4.) EPiServer.Core.Internal.DefaultContentLoader
5.) Instance of EPiServer.IContentLoader (EPiServer.Core.Internal.DefaultContentLoader)
6.) Container.GetInstance(EPiServer.IContentLoader)
 ---> System.Reflection.TargetInvocationException: Exception has been thrown by the target of an invocation. ---> EPiServer.ServiceLocation.ActivationException: Activation error occurred while trying to get instance of type DefaultContentProviderManager, key "" ---> StructureMap.Building.StructureMapBuildException: Failure while building 'Lambda: Invoke(value(EPiServer.ServiceLocation.Internal.StructureMapConfiguredType+<>c__DisplayClass6_0).p, value(EPiServer.ServiceLocation.Internal.StructureMapConfiguredType)._serviceLocator)', check the inner exception for details
1.) Lambda: Invoke(value(EPiServer.ServiceLocation.Internal.StructureMapConfiguredType+<>c__DisplayClass6_0).p, value(EPiServer.ServiceLocation.Internal.StructureMapConfiguredType)._serviceLocator)
2.) Instance of EPiServer.Core.IContentLanguageAccessor (System.Object)
3.) new DefaultContentProviderManager(*Default of IContentLanguageAccessor*)
4.) EPiServer.Core.Internal.DefaultContentProviderManager
5.) Instance of EPiServer.Core.Internal.DefaultContentProviderManager
6.) Container.GetInstance(EPiServer.Core.Internal.DefaultContentProviderManager)
 ---> EPiServer.ServiceLocation.ActivationException: Activation error occurred while trying to get instance of type ContentLanguageImplementation, key "" ---> StructureMap.Building.StructureMapBuildException: Failure while building 'Lambda: Invoke(value(EPiServer.ServiceLocation.Internal.StructureMapConfiguredType+<>c__DisplayClass6_0).p, value(EPiServer.ServiceLocation.Internal.StructureMapConfiguredType)._serviceLocator)', check the inner exception for details
1.) Lambda: Invoke(value(EPiServer.ServiceLocation.Internal.StructureMapConfiguredType+<>c__DisplayClass6_0).p, value(EPiServer.ServiceLocation.Internal.StructureMapConfiguredType)._serviceLocator)
2.) Instance of EPiServer.Framework.Localization.LocalizationService (System.Object)
3.) new LanguageBranchRepository(*Default of LanguageBranchDB*, *Default of LocalizationService*, *Default of ISynchronizedObjectInstanceCache*)
4.) EPiServer.DataAbstraction.Internal.LanguageBranchRepository
5.) Instance of EPiServer.DataAbstraction.ILanguageBranchRepository (EPiServer.DataAbstraction.Internal.LanguageBranchRepository)
6.) new ContentLanguageImplementation(*Default of ILanguageBranchRepository*, *Default of HostLanguageResolver*, *Default of ServiceAccessor<HttpRequestBase>*, *Default of ContextCache*)
7.) EPiServer.Globalization.Internal.ContentLanguageImplementation
8.) Instance of EPiServer.Globalization.Internal.ContentLanguageImplementation
9.) Container.GetInstance(EPiServer.Globalization.Internal.ContentLanguageImplementation)
 ---> System.Reflection.TargetInvocationException: Exception has been thrown by the target of an invocation. ---> System.Reflection.TargetInvocationException: Exception has been thrown by the target of an invocation. ---> System.Configuration.ConfigurationErrorsException: Root element is missing. (/Resources/LanguageFiles/DisplayOptions.xml) ---> System.Xml.XmlException: Root element is missing.
   at System.Xml.XmlTextReaderImpl.Throw(Exception e)
   at System.Xml.XmlTextReaderImpl.ParseDocumentContent()
   at System.Xml.XmlTextReaderImpl.Read()
   at System.Xml.XmlReader.MoveToContent()
   at EPiServer.Framework.Localization.XmlResources.Internal.LanguageDocument.Load(Stream stream)
   at EPiServer.Framework.Localization.XmlResources.FileXmlLocalizationProvider.InitalizeFromVirtualDirectory()
   --- End of inner exception stack trace ---
   at EPiServer.Framework.Localization.XmlResources.FileXmlLocalizationProvider.InitalizeFromVirtualDirectory()
   at EPiServer.Framework.Localization.XmlResources.FileXmlLocalizationProvider.Initialize(String name, NameValueCollection config)
   --- End of inner exception stack trace ---
   at System.RuntimeMethodHandle.InvokeMethod(Object target, Object[] arguments, Signature sig, Boolean constructor)
   at System.Reflection.RuntimeMethodInfo.UnsafeInvokeInternal(Object obj, Object[] parameters, Object[] arguments)
   at System.Reflection.RuntimeMethodInfo.Invoke(Object obj, BindingFlags invokeAttr, Binder binder, Object[] parameters, CultureInfo culture)
   at EPiServer.Configuration.Internal.DefaultProviderFactory.InstantiateProvider[T](ProviderSettings providerSettings, Type type)
   at EPiServer.Configuration.Transform.Internal.LocalizationConfigurationTransform.<>c__DisplayClass4_0.<Transform>b__0(IServiceLocator s)
   at EPiServer.Framework.Localization.ProviderBasedLocalizationService.Create(ResourceKeyHandler keyHandler, LocalizationOptions localizationOptions, IServiceLocator serviceLocator)
   at EPiServer.Framework.Localization.ProviderBasedLocalizationService.CreateLocalizationService(ResourceKeyHandler keyHandler, LocalizationOptions localizationOptions, IServiceLocator serviceLocator)
   --- End of inner exception stack trace ---
   at System.RuntimeMethodHandle.InvokeMethod(Object target, Object[] arguments, Signature sig, Boolean constructor)
   at System.Reflection.RuntimeMethodInfo.UnsafeInvokeInternal(Object obj, Object[] parameters, Object[] arguments)
   at System.Reflection.RuntimeMethodInfo.Invoke(Object obj, BindingFlags invokeAttr, Binder binder, Object[] parameters, CultureInfo culture)
   at EPiServer.ServiceLocation.Internal.ReflectiveServiceConfigurationHelper.<>c__DisplayClass0_1.<TryRegisterServiceFactoryMember>b__3(IServiceLocator c)
   at EPiServer.ServiceLocation.Internal.StructureMapConfiguration.<>c__DisplayClass8_0.<Add>b__1(IServiceLocator s)
   at lambda_method(Closure , IBuildSession , IContext )
   --- End of inner exception stack trace ---
   at lambda_method(Closure , IBuildSession , IContext )
   at StructureMap.Building.BuildPlan.Build(IBuildSession session, IContext context) in c:\BuildAgent\work\a395dbde6b793293\src\StructureMap\Building\BuildPlan.cs:line 151
   at StructureMap.BuildSession.BuildNewInSession(Type pluginType, Instance instance) in c:\BuildAgent\work\a395dbde6b793293\src\StructureMap\BuildSession.cs:line 114
   at StructureMap.BuildSession.BuildNewInOriginalContext(Type pluginType, Instance instance) in c:\BuildAgent\work\a395dbde6b793293\src\StructureMap\BuildSession.cs:line 119
   at StructureMap.Pipeline.LifecycleObjectCache.buildWithSession(Type pluginType, Instance instance, IBuildSession session) in c:\BuildAgent\work\a395dbde6b793293\src\StructureMap\Pipeline\LifecycleObjectCache.cs:line 92
   at StructureMap.Pipeline.LifecycleObjectCache.Get(Type pluginType, Instance instance, IBuildSession session) in c:\BuildAgent\work\a395dbde6b793293\src\StructureMap\Pipeline\LifecycleObjectCache.cs:line 71
   at StructureMap.BuildSession.ResolveFromLifecycle(Type pluginType, Instance instance) in c:\BuildAgent\work\a395dbde6b793293\src\StructureMap\BuildSession.cs:line 103
   at StructureMap.SessionCache.GetObject(Type pluginType, Instance instance, ILifecycle lifecycle) in c:\BuildAgent\work\a395dbde6b793293\src\StructureMap\SessionCache.cs:line 93
   at StructureMap.SessionCache.GetDefault(Type pluginType, IPipelineGraph pipelineGraph) in c:\BuildAgent\work\a395dbde6b793293\src\StructureMap\SessionCache.cs:line 68
   at StructureMap.Container.GetInstance(Type pluginType) in c:\BuildAgent\work\a395dbde6b793293\src\StructureMap\Container.cs:line 337
   at EPiServer.ServiceLocation.StructureMapServiceLocator.DoGetInstance(Type serviceType, String key)
   at EPiServer.ServiceLocation.ServiceLocatorImplBase.GetInstance(Type serviceType, String key)
   --- End of inner exception stack trace ---
   at EPiServer.ServiceLocation.ServiceLocatorImplBase.GetInstance(Type serviceType, String key)
   at EPiServer.ServiceLocation.ServiceLocatorImplBase.GetInstance[TService]()
   at EPiServer.ServiceLocation.ServiceConfigurationProviderExtensions.<>c__32`2.<Forward>b__32_0(IServiceLocator s)
   at EPiServer.ServiceLocation.Internal.StructureMapConfiguration.<>c__DisplayClass8_0.<Add>b__1(IServiceLocator s)
   at lambda_method(Closure , IBuildSession , IContext )
   --- End of inner exception stack trace ---
   at lambda_method(Closure , IBuildSession , IContext )
   at StructureMap.Building.BuildPlan.Build(IBuildSession session, IContext context) in c:\BuildAgent\work\a395dbde6b793293\src\StructureMap\Building\BuildPlan.cs:line 151
   at StructureMap.BuildSession.BuildNewInSession(Type pluginType, Instance instance) in c:\BuildAgent\work\a395dbde6b793293\src\StructureMap\BuildSession.cs:line 114
   at StructureMap.BuildSession.BuildNewInOriginalContext(Type pluginType, Instance instance) in c:\BuildAgent\work\a395dbde6b793293\src\StructureMap\BuildSession.cs:line 119
   at StructureMap.Pipeline.LifecycleObjectCache.buildWithSession(Type pluginType, Instance instance, IBuildSession session) in c:\BuildAgent\work\a395dbde6b793293\src\StructureMap\Pipeline\LifecycleObjectCache.cs:line 92
   at StructureMap.Pipeline.LifecycleObjectCache.Get(Type pluginType, Instance instance, IBuildSession session) in c:\BuildAgent\work\a395dbde6b793293\src\StructureMap\Pipeline\LifecycleObjectCache.cs:line 71
   at StructureMap.BuildSession.ResolveFromLifecycle(Type pluginType, Instance instance) in c:\BuildAgent\work\a395dbde6b793293\src\StructureMap\BuildSession.cs:line 103
   at StructureMap.SessionCache.GetObject(Type pluginType, Instance instance, ILifecycle lifecycle) in c:\BuildAgent\work\a395dbde6b793293\src\StructureMap\SessionCache.cs:line 93
   at StructureMap.SessionCache.GetDefault(Type pluginType, IPipelineGraph pipelineGraph) in c:\BuildAgent\work\a395dbde6b793293\src\StructureMap\SessionCache.cs:line 68
   at StructureMap.Container.GetInstance(Type pluginType) in c:\BuildAgent\work\a395dbde6b793293\src\StructureMap\Container.cs:line 337
   at EPiServer.ServiceLocation.StructureMapServiceLocator.DoGetInstance(Type serviceType, String key)
   at EPiServer.ServiceLocation.ServiceLocatorImplBase.GetInstance(Type serviceType, String key)
   --- End of inner exception stack trace ---
   at EPiServer.ServiceLocation.ServiceLocatorImplBase.GetInstance(Type serviceType, String key)
   at EPiServer.ServiceLocation.ServiceLocatorImplBase.GetInstance[TService]()
   at EPiServer.Core.Internal.DefaultContentProviderManager.get_Instance()
   --- End of inner exception stack trace ---
   at System.RuntimeMethodHandle.InvokeMethod(Object target, Object[] arguments, Signature sig, Boolean constructor)
   at System.Reflection.RuntimeMethodInfo.UnsafeInvokeInternal(Object obj, Object[] parameters, Object[] arguments)
   at System.Reflection.RuntimeMethodInfo.Invoke(Object obj, BindingFlags invokeAttr, Binder binder, Object[] parameters, CultureInfo culture)
   at EPiServer.ServiceLocation.Internal.ReflectiveServiceConfigurationHelper.<>c__DisplayClass0_0.<TryRegisterServiceFactoryMember>b__0(IServiceLocator c)
   at EPiServer.ServiceLocation.Internal.StructureMapConfiguration.<>c__DisplayClass8_0.<Add>b__1(IServiceLocator s)
   at lambda_method(Closure , IBuildSession , IContext )
   --- End of inner exception stack trace ---
   at lambda_method(Closure , IBuildSession , IContext )
   at StructureMap.Building.BuildPlan.Build(IBuildSession session, IContext context) in c:\BuildAgent\work\a395dbde6b793293\src\StructureMap\Building\BuildPlan.cs:line 151
   at StructureMap.BuildSession.BuildNewInSession(Type pluginType, Instance instance) in c:\BuildAgent\work\a395dbde6b793293\src\StructureMap\BuildSession.cs:line 114
   at StructureMap.BuildSession.BuildNewInOriginalContext(Type pluginType, Instance instance) in c:\BuildAgent\work\a395dbde6b793293\src\StructureMap\BuildSession.cs:line 119
   at StructureMap.Pipeline.LifecycleObjectCache.buildWithSession(Type pluginType, Instance instance, IBuildSession session) in c:\BuildAgent\work\a395dbde6b793293\src\StructureMap\Pipeline\LifecycleObjectCache.cs:line 92
   at StructureMap.Pipeline.LifecycleObjectCache.Get(Type pluginType, Instance instance, IBuildSession session) in c:\BuildAgent\work\a395dbde6b793293\src\StructureMap\Pipeline\LifecycleObjectCache.cs:line 71
   at StructureMap.BuildSession.ResolveFromLifecycle(Type pluginType, Instance instance) in c:\BuildAgent\work\a395dbde6b793293\src\StructureMap\BuildSession.cs:line 103
   at StructureMap.SessionCache.GetObject(Type pluginType, Instance instance, ILifecycle lifecycle) in c:\BuildAgent\work\a395dbde6b793293\src\StructureMap\SessionCache.cs:line 93
   at StructureMap.SessionCache.GetDefault(Type pluginType, IPipelineGraph pipelineGraph) in c:\BuildAgent\work\a395dbde6b793293\src\StructureMap\SessionCache.cs:line 68
   at StructureMap.Container.GetInstance(Type pluginType) in c:\BuildAgent\work\a395dbde6b793293\src\StructureMap\Container.cs:line 337
   at EPiServer.ServiceLocation.StructureMapServiceLocator.DoGetInstance(Type serviceType, String key)
   at EPiServer.ServiceLocation.ServiceLocatorImplBase.GetInstance(Type serviceType, String key)
   --- End of inner exception stack trace ---
   at EPiServer.ServiceLocation.ServiceLocatorImplBase.GetInstance(Type serviceType, String key)
   at EPiServer.ServiceLocation.ServiceLocatorImplBase.GetInstance[TService]()
   at EPiServer.ServiceLocationHelperExtensions.ContentLoader(ServiceLocationHelper serviceLocationHelper)
   at EPiServer.Initialization.Internal.PermanentLinkMapperCacheInitialization.Initialize(InitializationEngine context)
   at EPiServer.Framework.Initialization.Internal.ModuleNode.<>c__DisplayClass2_0.<Initialize>b__0()
   at EPiServer.Framework.Initialization.Internal.ModuleNode.Execute(Action a, String key)
   at EPiServer.Framework.Initialization.Internal.ModuleNode.Initialize(InitializationEngine context)
   at EPiServer.Framework.Initialization.InitializationEngine.InitializeModules()
EPiServer.ServiceLocation.ActivationException: Activation error occurred while trying to get instance of type IContentLoader, key "" ---> StructureMap.Building.StructureMapBuildException: Failure while building 'Lambda: Invoke(value(EPiServer.ServiceLocation.Internal.StructureMapConfiguredType+<>c__DisplayClass6_0).p, value(EPiServer.ServiceLocation.Internal.StructureMapConfiguredType)._serviceLocator)', check the inner exception for details
1.) Lambda: Invoke(value(EPiServer.ServiceLocation.Internal.StructureMapConfiguredType+<>c__DisplayClass6_0).p, value(EPiServer.ServiceLocation.Internal.StructureMapConfiguredType)._serviceLocator)
2.) Instance of EPiServer.Core.IContentProviderManager (System.Object)
3.) new DefaultContentLoader(*Default of IContentProviderManager*, *Default of DefaultContentEvents*, *Default of IPermanentLinkMapper*, *Default of ProviderPipeline*, *Default of ILanguageBranchRepository*, *Default of LanguagePipeline*, *Default of IContentLanguageAccessor*, *Default of IContentChildrenSorter*)
4.) EPiServer.Core.Internal.DefaultContentLoader
5.) Instance of EPiServer.IContentLoader (EPiServer.Core.Internal.DefaultContentLoader)
6.) Container.GetInstance(EPiServer.IContentLoader)
 ---> System.Reflection.TargetInvocationException: Exception has been thrown by the target of an invocation. ---> EPiServer.ServiceLocation.ActivationException: Activation error occurred while trying to get instance of type DefaultContentProviderManager, key "" ---> StructureMap.Building.StructureMapBuildException: Failure while building 'Lambda: Invoke(value(EPiServer.ServiceLocation.Internal.StructureMapConfiguredType+<>c__DisplayClass6_0).p, value(EPiServer.ServiceLocation.Internal.StructureMapConfiguredType)._serviceLocator)', check the inner exception for details
1.) Lambda: Invoke(value(EPiServer.ServiceLocation.Internal.StructureMapConfiguredType+<>c__DisplayClass6_0).p, value(EPiServer.ServiceLocation.Internal.StructureMapConfiguredType)._serviceLocator)
2.) Instance of EPiServer.Core.IContentLanguageAccessor (System.Object)
3.) new DefaultContentProviderManager(*Default of IContentLanguageAccessor*)
4.) EPiServer.Core.Internal.DefaultContentProviderManager
5.) Instance of EPiServer.Core.Internal.DefaultContentProviderManager
6.) Container.GetInstance(EPiServer.Core.Internal.DefaultContentProviderManager)
 ---> EPiServer.ServiceLocation.ActivationException: Activation error occurred while trying to get instance of type ContentLanguageImplementation, key "" ---> StructureMap.Building.StructureMapBuildException: Failure while building 'Lambda: Invoke(value(EPiServer.ServiceLocation.Internal.StructureMapConfiguredType+<>c__DisplayClass6_0).p, value(EPiServer.ServiceLocation.Internal.StructureMapConfiguredType)._serviceLocator)', check the inner exception for details
1.) Lambda: Invoke(value(EPiServer.ServiceLocation.Internal.StructureMapConfiguredType+<>c__DisplayClass6_0).p, value(EPiServer.ServiceLocation.Internal.StructureMapConfiguredType)._serviceLocator)
2.) Instance of EPiServer.Framework.Localization.LocalizationService (System.Object)
3.) new LanguageBranchRepository(*Default of LanguageBranchDB*, *Default of LocalizationService*, *Default of ISynchronizedObjectInstanceCache*)
4.) EPiServer.DataAbstraction.Internal.LanguageBranchRepository
5.) Instance of EPiServer.DataAbstraction.ILanguageBranchRepository (EPiServer.DataAbstraction.Internal.LanguageBranchRepository)
6.) new ContentLanguageImplementation(*Default of ILanguageBranchRepository*, *Default of HostLanguageResolver*, *Default of ServiceAccessor<HttpRequestBase>*, *Default of ContextCache*)
7.) EPiServer.Globalization.Internal.ContentLanguageImplementation
8.) Instance of EPiServer.Globalization.Internal.ContentLanguageImplementation
9.) Container.GetInstance(EPiServer.Globalization.Internal.ContentLanguageImplementation)
 ---> System.Reflection.TargetInvocationException: Exception has been thrown by the target of an invocation. ---> System.Reflection.TargetInvocationException: Exception has been thrown by the target of an invocation. ---> System.Configuration.ConfigurationErrorsException: Root element is missing. (/Resources/LanguageFiles/DisplayOptions.xml) ---> System.Xml.XmlException: Root element is missing.
   at System.Xml.XmlTextReaderImpl.Throw(Exception e)
   at System.Xml.XmlTextReaderImpl.ParseDocumentContent()
   at System.Xml.XmlTextReaderImpl.Read()
   at System.Xml.XmlReader.MoveToContent()
   at EPiServer.Framework.Localization.XmlResources.Internal.LanguageDocument.Load(Stream stream)
   at EPiServer.Framework.Localization.XmlResources.FileXmlLocalizationProvider.InitalizeFromVirtualDirectory()
   --- End of inner exception stack trace ---
   at EPiServer.Framework.Localization.XmlResources.FileXmlLocalizationProvider.InitalizeFromVirtualDirectory()
   at EPiServer.Framework.Localization.XmlResources.FileXmlLocalizationProvider.Initialize(String name, NameValueCollection config)
   --- End of inner exception stack trace ---
   at System.RuntimeMethodHandle.InvokeMethod(Object target, Object[] arguments, Signature sig, Boolean constructor)
   at System.Reflection.RuntimeMethodInfo.UnsafeInvokeInternal(Object obj, Object[] parameters, Object[] arguments)
   at System.Reflection.RuntimeMethodInfo.Invoke(Object obj, BindingFlags invokeAttr, Binder binder, Object[] parameters, CultureInfo culture)
   at EPiServer.Configuration.Internal.DefaultProviderFactory.InstantiateProvider[T](ProviderSettings providerSettings, Type type)
   at EPiServer.Configuration.Transform.Internal.LocalizationConfigurationTransform.<>c__DisplayClass4_0.<Transform>b__0(IServiceLocator s)
   at EPiServer.Framework.Localization.ProviderBasedLocalizationService.Create(ResourceKeyHandler keyHandler, LocalizationOptions localizationOptions, IServiceLocator serviceLocator)
   at EPiServer.Framework.Localization.ProviderBasedLocalizationService.CreateLocalizationService(ResourceKeyHandler keyHandler, LocalizationOptions localizationOptions, IServiceLocator serviceLocator)
   --- End of inner exception stack trace ---
   at System.RuntimeMethodHandle.InvokeMethod(Object target, Object[] arguments, Signature sig, Boolean constructor)
   at System.Reflection.RuntimeMethodInfo.UnsafeInvokeInternal(Object obj, Object[] parameters, Object[] arguments)
   at System.Reflection.RuntimeMethodInfo.Invoke(Object obj, BindingFlags invokeAttr, Binder binder, Object[] parameters, CultureInfo culture)
   at EPiServer.ServiceLocation.Internal.ReflectiveServiceConfigurationHelper.<>c__DisplayClass0_1.<TryRegisterServiceFactoryMember>b__3(IServiceLocator c)
   at EPiServer.ServiceLocation.Internal.StructureMapConfiguration.<>c__DisplayClass8_0.<Add>b__1(IServiceLocator s)
   at lambda_method(Closure , IBuildSession , IContext )
   --- End of inner exception stack trace ---
   at lambda_method(Closure , IBuildSession , IContext )
   at StructureMap.Building.BuildPlan.Build(IBuildSession session, IContext context) in c:\BuildAgent\work\a395dbde6b793293\src\StructureMap\Building\BuildPlan.cs:line 151
   at StructureMap.BuildSession.BuildNewInSession(Type pluginType, Instance instance) in c:\BuildAgent\work\a395dbde6b793293\src\StructureMap\BuildSession.cs:line 114
   at StructureMap.BuildSession.BuildNewInOriginalContext(Type pluginType, Instance instance) in c:\BuildAgent\work\a395dbde6b793293\src\StructureMap\BuildSession.cs:line 119
   at StructureMap.Pipeline.LifecycleObjectCache.buildWithSession(Type pluginType, Instance instance, IBuildSession session) in c:\BuildAgent\work\a395dbde6b793293\src\StructureMap\Pipeline\LifecycleObjectCache.cs:line 92
   at StructureMap.Pipeline.LifecycleObjectCache.Get(Type pluginType, Instance instance, IBuildSession session) in c:\BuildAgent\work\a395dbde6b793293\src\StructureMap\Pipeline\LifecycleObjectCache.cs:line 71
   at StructureMap.BuildSession.ResolveFromLifecycle(Type pluginType, Instance instance) in c:\BuildAgent\work\a395dbde6b793293\src\StructureMap\BuildSession.cs:line 103
   at StructureMap.SessionCache.GetObject(Type pluginType, Instance instance, ILifecycle lifecycle) in c:\BuildAgent\work\a395dbde6b793293\src\StructureMap\SessionCache.cs:line 93
   at StructureMap.SessionCache.GetDefault(Type pluginType, IPipelineGraph pipelineGraph) in c:\BuildAgent\work\a395dbde6b793293\src\StructureMap\SessionCache.cs:line 68
   at StructureMap.Container.GetInstance(Type pluginType) in c:\BuildAgent\work\a395dbde6b793293\src\StructureMap\Container.cs:line 337
   at EPiServer.ServiceLocation.StructureMapServiceLocator.DoGetInstance(Type serviceType, String key)
   at EPiServer.ServiceLocation.ServiceLocatorImplBase.GetInstance(Type serviceType, String key)
   --- End of inner exception stack trace ---
   at EPiServer.ServiceLocation.ServiceLocatorImplBase.GetInstance(Type serviceType, String key)
   at EPiServer.ServiceLocation.ServiceLocatorImplBase.GetInstance[TService]()
   at EPiServer.ServiceLocation.ServiceConfigurationProviderExtensions.<>c__32`2.<Forward>b__32_0(IServiceLocator s)
   at EPiServer.ServiceLocation.Internal.StructureMapConfiguration.<>c__DisplayClass8_0.<Add>b__1(IServiceLocator s)
   at lambda_method(Closure , IBuildSession , IContext )
   --- End of inner exception stack trace ---
   at lambda_method(Closure , IBuildSession , IContext )
   at StructureMap.Building.BuildPlan.Build(IBuildSession session, IContext context) in c:\BuildAgent\work\a395dbde6b793293\src\StructureMap\Building\BuildPlan.cs:line 151
   at StructureMap.BuildSession.BuildNewInSession(Type pluginType, Instance instance) in c:\BuildAgent\work\a395dbde6b793293\src\StructureMap\BuildSession.cs:line 114
   at StructureMap.BuildSession.BuildNewInOriginalContext(Type pluginType, Instance instance) in c:\BuildAgent\work\a395dbde6b793293\src\StructureMap\BuildSession.cs:line 119
   at StructureMap.Pipeline.LifecycleObjectCache.buildWithSession(Type pluginType, Instance instance, IBuildSession session) in c:\BuildAgent\work\a395dbde6b793293\src\StructureMap\Pipeline\LifecycleObjectCache.cs:line 92
   at StructureMap.Pipeline.LifecycleObjectCache.Get(Type pluginType, Instance instance, IBuildSession session) in c:\BuildAgent\work\a395dbde6b793293\src\StructureMap\Pipeline\LifecycleObjectCache.cs:line 71
   at StructureMap.BuildSession.ResolveFromLifecycle(Type pluginType, Instance instance) in c:\BuildAgent\work\a395dbde6b793293\src\StructureMap\BuildSession.cs:line 103
   at StructureMap.SessionCache.GetObject(Type pluginType, Instance instance, ILifecycle lifecycle) in c:\BuildAgent\work\a395dbde6b793293\src\StructureMap\SessionCache.cs:line 93
   at StructureMap.SessionCache.GetDefault(Type pluginType, IPipelineGraph pipelineGraph) in c:\BuildAgent\work\a395dbde6b793293\src\StructureMap\SessionCache.cs:line 68
   at StructureMap.Container.GetInstance(Type pluginType) in c:\BuildAgent\work\a395dbde6b793293\src\StructureMap\Container.cs:line 337
   at EPiServer.ServiceLocation.StructureMapServiceLocator.DoGetInstance(Type serviceType, String key)
   at EPiServer.ServiceLocation.ServiceLocatorImplBase.GetInstance(Type serviceType, String key)
   --- End of inner exception stack trace ---
   at EPiServer.ServiceLocation.ServiceLocatorImplBase.GetInstance(Type serviceType, String key)
   at EPiServer.ServiceLocation.ServiceLocatorImplBase.GetInstance[TService]()
   at EPiServer.Core.Internal.DefaultContentProviderManager.get_Instance()
   --- End of inner exception stack trace ---
   at System.RuntimeMethodHandle.InvokeMethod(Object target, Object[] arguments, Signature sig, Boolean constructor)
   at System.Reflection.RuntimeMethodInfo.UnsafeInvokeInternal(Object obj, Object[] parameters, Object[] arguments)
   at System.Reflection.RuntimeMethodInfo.Invoke(Object obj, BindingFlags invokeAttr, Binder binder, Object[] parameters, CultureInfo culture)
   at EPiServer.ServiceLocation.Internal.ReflectiveServiceConfigurationHelper.<>c__DisplayClass0_0.<TryRegisterServiceFactoryMember>b__0(IServiceLocator c)
   at EPiServer.ServiceLocation.Internal.StructureMapConfiguration.<>c__DisplayClass8_0.<Add>b__1(IServiceLocator s)
   at lambda_method(Closure , IBuildSession , IContext )
   --- End of inner exception stack trace ---
   at lambda_method(Closure , IBuildSession , IContext )
   at StructureMap.Building.BuildPlan.Build(IBuildSession session, IContext context) in c:\BuildAgent\work\a395dbde6b793293\src\StructureMap\Building\BuildPlan.cs:line 151
   at StructureMap.BuildSession.BuildNewInSession(Type pluginType, Instance instance) in c:\BuildAgent\work\a395dbde6b793293\src\StructureMap\BuildSession.cs:line 114
   at StructureMap.BuildSession.BuildNewInOriginalContext(Type pluginType, Instance instance) in c:\BuildAgent\work\a395dbde6b793293\src\StructureMap\BuildSession.cs:line 119
   at StructureMap.Pipeline.LifecycleObjectCache.buildWithSession(Type pluginType, Instance instance, IBuildSession session) in c:\BuildAgent\work\a395dbde6b793293\src\StructureMap\Pipeline\LifecycleObjectCache.cs:line 92
   at StructureMap.Pipeline.LifecycleObjectCache.Get(Type pluginType, Instance instance, IBuildSession session) in c:\BuildAgent\work\a395dbde6b793293\src\StructureMap\Pipeline\LifecycleObjectCache.cs:line 71
   at StructureMap.BuildSession.ResolveFromLifecycle(Type pluginType, Instance instance) in c:\BuildAgent\work\a395dbde6b793293\src\StructureMap\BuildSession.cs:line 103
   at StructureMap.SessionCache.GetObject(Type pluginType, Instance instance, ILifecycle lifecycle) in c:\BuildAgent\work\a395dbde6b793293\src\StructureMap\SessionCache.cs:line 93
   at StructureMap.SessionCache.GetDefault(Type pluginType, IPipelineGraph pipelineGraph) in c:\BuildAgent\work\a395dbde6b793293\src\StructureMap\SessionCache.cs:line 68
   at StructureMap.Container.GetInstance(Type pluginType) in c:\BuildAgent\work\a395dbde6b793293\src\StructureMap\Container.cs:line 337
   at EPiServer.ServiceLocation.StructureMapServiceLocator.DoGetInstance(Type serviceType, String key)
   at EPiServer.ServiceLocation.ServiceLocatorImplBase.GetInstance(Type serviceType, String key)
   --- End of inner exception stack trace ---
   at EPiServer.ServiceLocation.ServiceLocatorImplBase.GetInstance(Type serviceType, String key)
   at EPiServer.ServiceLocation.ServiceLocatorImplBase.GetInstance[TService]()
   at EPiServer.ServiceLocationHelperExtensions.ContentLoader(ServiceLocationHelper serviceLocationHelper)
   at EPiServer.Initialization.Internal.PermanentLinkMapperCacheInitialization.Initialize(InitializationEngine context)
   at EPiServer.Framework.Initialization.Internal.ModuleNode.<>c__DisplayClass2_0.<Initialize>b__0()
   at EPiServer.Framework.Initialization.Internal.ModuleNode.Execute(Action a, String key)
   at EPiServer.Framework.Initialization.Internal.ModuleNode.Initialize(InitializationEngine context)
   at EPiServer.Framework.Initialization.InitializationEngine.InitializeModules()
2017-11-08 13:07:16,576 [1] ERROR EPiServer.Framework.Initialization.InitializationEngine: Initialize action failed for 'Initialize on class EPiServer.Initialization.Internal.ModelSyncInitialization, EPiServer, Version=10.10.4.0, Culture=neutral, PublicKeyToken=8fe83dea738b45b7'
System.InvalidOperationException: The property 'MainBody' on the content type 'EditorialBlock' is autogenerated but not virtual declared.
   at EPiServer.DataAbstraction.RuntimeModel.Internal.ContentDataAttributeScanningAssigner.AssignValuesToPropertyDefinition(PropertyDefinitionModel propertyDefinitionModel, PropertyInfo property, ContentTypeModel parentModel)
   at EPiServer.DataAbstraction.RuntimeModel.Internal.ContentTypeModelScanner.AssignValuesToProperties(ContentTypeModel modelType)
   at EPiServer.DataAbstraction.RuntimeModel.Internal.ContentTypeModelScanner.AddModel(Type type)
   at EPiServer.DataAbstraction.RuntimeModel.Internal.ContentTypeModelScanner.RegisterModels()
   at EPiServer.Initialization.Internal.ModelSyncInitialization.Initialize(InitializationEngine context)
   at EPiServer.Framework.Initialization.Internal.ModuleNode.<>c__DisplayClass2_0.<Initialize>b__0()
   at EPiServer.Framework.Initialization.Internal.ModuleNode.Execute(Action a, String key)
   at EPiServer.Framework.Initialization.Internal.ModuleNode.Initialize(InitializationEngine context)
   at EPiServer.Framework.Initialization.InitializationEngine.InitializeModules()
System.InvalidOperationException: The property 'MainBody' on the content type 'EditorialBlock' is autogenerated but not virtual declared.
   at EPiServer.DataAbstraction.RuntimeModel.Internal.ContentDataAttributeScanningAssigner.AssignValuesToPropertyDefinition(PropertyDefinitionModel propertyDefinitionModel, PropertyInfo property, ContentTypeModel parentModel)
   at EPiServer.DataAbstraction.RuntimeModel.Internal.ContentTypeModelScanner.AssignValuesToProperties(ContentTypeModel modelType)
   at EPiServer.DataAbstraction.RuntimeModel.Internal.ContentTypeModelScanner.AddModel(Type type)
   at EPiServer.DataAbstraction.RuntimeModel.Internal.ContentTypeModelScanner.RegisterModels()
   at EPiServer.Initialization.Internal.ModelSyncInitialization.Initialize(InitializationEngine context)
   at EPiServer.Framework.Initialization.Internal.ModuleNode.<>c__DisplayClass2_0.<Initialize>b__0()
   at EPiServer.Framework.Initialization.Internal.ModuleNode.Execute(Action a, String key)
   at EPiServer.Framework.Initialization.Internal.ModuleNode.Initialize(InitializationEngine context)
   at EPiServer.Framework.Initialization.InitializationEngine.InitializeModules()
